[2026-02-08T17:40:38.017+0000] {local_task_job_runner.py:123} INFO - ::group::Pre task execution logs
[2026-02-08T17:40:38.196+0000] {taskinstance.py:2614} INFO - Dependencies all met for dep_context=non-requeueable deps ti=<TaskInstance: moex_stocks_loader.download_stocks manual__2026-02-08T17:32:16.234288+00:00 [queued]>
[2026-02-08T17:40:38.202+0000] {taskinstance.py:2614} INFO - Dependencies all met for dep_context=requeueable deps ti=<TaskInstance: moex_stocks_loader.download_stocks manual__2026-02-08T17:32:16.234288+00:00 [queued]>
[2026-02-08T17:40:38.203+0000] {taskinstance.py:2867} INFO - Starting attempt 2 of 2
[2026-02-08T17:40:38.212+0000] {taskinstance.py:2890} INFO - Executing <Task(PythonOperator): download_stocks> on 2026-02-08 17:32:16.234288+00:00
[2026-02-08T17:40:38.220+0000] {warnings.py:112} WARNING - /home/***/.local/lib/python3.12/site-packages/***/task/task_runner/standard_task_runner.py:70: DeprecationWarning: This process (pid=984) is multi-threaded, use of fork() may lead to deadlocks in the child.
  pid = os.fork()

[2026-02-08T17:40:38.222+0000] {standard_task_runner.py:72} INFO - Started process 986 to run task
[2026-02-08T17:40:38.222+0000] {standard_task_runner.py:104} INFO - Running: ['***', 'tasks', 'run', 'moex_stocks_loader', 'download_stocks', 'manual__2026-02-08T17:32:16.234288+00:00', '--job-id', '28', '--raw', '--subdir', 'DAGS_FOLDER/ticker_dag.py', '--cfg-path', '/tmp/tmp1o28g39t']
[2026-02-08T17:40:38.225+0000] {standard_task_runner.py:105} INFO - Job 28: Subtask download_stocks
[2026-02-08T17:40:38.279+0000] {task_command.py:467} INFO - Running <TaskInstance: moex_stocks_loader.download_stocks manual__2026-02-08T17:32:16.234288+00:00 [running]> on host bd7f3fef13db
[2026-02-08T17:40:38.352+0000] {taskinstance.py:3134} INFO - Exporting env vars: AIRFLOW_CTX_DAG_OWNER='***' AIRFLOW_CTX_DAG_ID='moex_stocks_loader' AIRFLOW_CTX_TASK_ID='download_stocks' AIRFLOW_CTX_EXECUTION_DATE='2026-02-08T17:32:16.234288+00:00' AIRFLOW_CTX_TRY_NUMBER='2' AIRFLOW_CTX_DAG_RUN_ID='manual__2026-02-08T17:32:16.234288+00:00'
[2026-02-08T17:40:38.354+0000] {taskinstance.py:732} INFO - ::endgroup::
[2026-02-08T17:40:38.374+0000] {logging_mixin.py:190} INFO - ✅ /opt/***/dags/data/SBER_2026-02-07.json
[2026-02-08T17:40:38.378+0000] {logging_mixin.py:190} INFO - ✅ /opt/***/dags/data/GAZP_2026-02-07.json
[2026-02-08T17:40:38.381+0000] {logging_mixin.py:190} INFO - ✅ /opt/***/dags/data/LKOH_2026-02-07.json
[2026-02-08T17:40:38.382+0000] {python.py:240} INFO - Done. Returned value was: Создано 3 файлов
[2026-02-08T17:40:38.402+0000] {taskinstance.py:341} INFO - ::group::Post task execution logs
[2026-02-08T17:40:38.402+0000] {taskinstance.py:353} INFO - Marking task as SUCCESS. dag_id=moex_stocks_loader, task_id=download_stocks, run_id=manual__2026-02-08T17:32:16.234288+00:00, execution_date=20260208T173216, start_date=20260208T174038, end_date=20260208T174038
[2026-02-08T17:40:38.438+0000] {local_task_job_runner.py:266} INFO - Task exited with return code 0
[2026-02-08T17:40:38.451+0000] {taskinstance.py:3901} INFO - 0 downstream tasks scheduled from follow-on schedule check
[2026-02-08T17:40:38.453+0000] {local_task_job_runner.py:245} INFO - ::endgroup::
