[2026-02-08T17:40:28.999+0000] {local_task_job_runner.py:123} INFO - ::group::Pre task execution logs
[2026-02-08T17:40:29.144+0000] {taskinstance.py:2614} INFO - Dependencies all met for dep_context=non-requeueable deps ti=<TaskInstance: moex_stocks_loader.download_stocks manual__2026-02-08T17:32:16.234288+00:00 [queued]>
[2026-02-08T17:40:29.150+0000] {taskinstance.py:2614} INFO - Dependencies all met for dep_context=requeueable deps ti=<TaskInstance: moex_stocks_loader.download_stocks manual__2026-02-08T17:32:16.234288+00:00 [queued]>
[2026-02-08T17:40:29.150+0000] {taskinstance.py:2867} INFO - Starting attempt 1 of 1
[2026-02-08T17:40:29.160+0000] {taskinstance.py:2890} INFO - Executing <Task(PythonOperator): download_stocks> on 2026-02-08 17:32:16.234288+00:00
[2026-02-08T17:40:29.167+0000] {warnings.py:112} WARNING - /home/***/.local/lib/python3.12/site-packages/***/task/task_runner/standard_task_runner.py:70: DeprecationWarning: This process (pid=973) is multi-threaded, use of fork() may lead to deadlocks in the child.
  pid = os.fork()

[2026-02-08T17:40:29.169+0000] {standard_task_runner.py:72} INFO - Started process 975 to run task
[2026-02-08T17:40:29.169+0000] {standard_task_runner.py:104} INFO - Running: ['***', 'tasks', 'run', 'moex_stocks_loader', 'download_stocks', 'manual__2026-02-08T17:32:16.234288+00:00', '--job-id', '27', '--raw', '--subdir', 'DAGS_FOLDER/ticker_dag.py', '--cfg-path', '/tmp/tmpbdtsw3b_']
[2026-02-08T17:40:29.172+0000] {standard_task_runner.py:105} INFO - Job 27: Subtask download_stocks
[2026-02-08T17:40:29.222+0000] {task_command.py:467} INFO - Running <TaskInstance: moex_stocks_loader.download_stocks manual__2026-02-08T17:32:16.234288+00:00 [running]> on host bd7f3fef13db
[2026-02-08T17:40:29.290+0000] {taskinstance.py:3134} INFO - Exporting env vars: AIRFLOW_CTX_DAG_OWNER='***' AIRFLOW_CTX_DAG_ID='moex_stocks_loader' AIRFLOW_CTX_TASK_ID='download_stocks' AIRFLOW_CTX_EXECUTION_DATE='2026-02-08T17:32:16.234288+00:00' AIRFLOW_CTX_TRY_NUMBER='1' AIRFLOW_CTX_DAG_RUN_ID='manual__2026-02-08T17:32:16.234288+00:00'
[2026-02-08T17:40:29.291+0000] {taskinstance.py:732} INFO - ::endgroup::
[2026-02-08T17:40:29.312+0000] {logging_mixin.py:190} INFO - ✅ /opt/***/dags/data/SBER_2026-02-07.json
[2026-02-08T17:40:29.316+0000] {logging_mixin.py:190} INFO - ✅ /opt/***/dags/data/GAZP_2026-02-07.json
[2026-02-08T17:40:29.319+0000] {logging_mixin.py:190} INFO - ✅ /opt/***/dags/data/LKOH_2026-02-07.json
[2026-02-08T17:40:29.320+0000] {python.py:240} INFO - Done. Returned value was: Создано 3 файлов
[2026-02-08T17:40:29.340+0000] {taskinstance.py:341} INFO - ::group::Post task execution logs
[2026-02-08T17:40:29.341+0000] {taskinstance.py:353} INFO - Marking task as SUCCESS. dag_id=moex_stocks_loader, task_id=download_stocks, run_id=manual__2026-02-08T17:32:16.234288+00:00, execution_date=20260208T173216, start_date=20260208T174029, end_date=20260208T174029
[2026-02-08T17:40:29.390+0000] {local_task_job_runner.py:266} INFO - Task exited with return code 0
[2026-02-08T17:40:29.403+0000] {taskinstance.py:3901} INFO - 0 downstream tasks scheduled from follow-on schedule check
[2026-02-08T17:40:29.406+0000] {local_task_job_runner.py:245} INFO - ::endgroup::
