[2026-02-08T17:51:04.176+0000] {local_task_job_runner.py:123} INFO - ::group::Pre task execution logs
[2026-02-08T17:51:04.188+0000] {taskinstance.py:2614} INFO - Dependencies all met for dep_context=non-requeueable deps ti=<TaskInstance: moex_stocks_loader.download_moex_stocks manual__2026-02-08T17:50:31.951588+00:00 [queued]>
[2026-02-08T17:51:04.193+0000] {taskinstance.py:2614} INFO - Dependencies all met for dep_context=requeueable deps ti=<TaskInstance: moex_stocks_loader.download_moex_stocks manual__2026-02-08T17:50:31.951588+00:00 [queued]>
[2026-02-08T17:51:04.194+0000] {taskinstance.py:2867} INFO - Starting attempt 2 of 2
[2026-02-08T17:51:04.203+0000] {taskinstance.py:2890} INFO - Executing <Task(PythonOperator): download_moex_stocks> on 2026-02-08 17:50:31.951588+00:00
[2026-02-08T17:51:04.210+0000] {warnings.py:112} WARNING - /home/***/.local/lib/python3.12/site-packages/***/task/task_runner/standard_task_runner.py:70: DeprecationWarning: This process (pid=1145) is multi-threaded, use of fork() may lead to deadlocks in the child.
  pid = os.fork()

[2026-02-08T17:51:04.212+0000] {standard_task_runner.py:72} INFO - Started process 1147 to run task
[2026-02-08T17:51:04.212+0000] {standard_task_runner.py:104} INFO - Running: ['***', 'tasks', 'run', 'moex_stocks_loader', 'download_moex_stocks', 'manual__2026-02-08T17:50:31.951588+00:00', '--job-id', '31', '--raw', '--subdir', 'DAGS_FOLDER/ticker_dag.py', '--cfg-path', '/tmp/tmpkx2sv9ft']
[2026-02-08T17:51:04.215+0000] {standard_task_runner.py:105} INFO - Job 31: Subtask download_moex_stocks
[2026-02-08T17:51:04.265+0000] {task_command.py:467} INFO - Running <TaskInstance: moex_stocks_loader.download_moex_stocks manual__2026-02-08T17:50:31.951588+00:00 [running]> on host bd7f3fef13db
[2026-02-08T17:51:04.328+0000] {taskinstance.py:3134} INFO - Exporting env vars: AIRFLOW_CTX_DAG_OWNER='***' AIRFLOW_CTX_DAG_ID='moex_stocks_loader' AIRFLOW_CTX_TASK_ID='download_moex_stocks' AIRFLOW_CTX_EXECUTION_DATE='2026-02-08T17:50:31.951588+00:00' AIRFLOW_CTX_TRY_NUMBER='2' AIRFLOW_CTX_DAG_RUN_ID='manual__2026-02-08T17:50:31.951588+00:00'
[2026-02-08T17:51:04.329+0000] {taskinstance.py:732} INFO - ::endgroup::
[2026-02-08T17:51:04.344+0000] {logging_mixin.py:190} INFO - 📊 Загружаю Сбербанк (SBER)
[2026-02-08T17:51:04.434+0000] {logging_mixin.py:190} INFO - ✅ SBER: 100 записей сохранено
[2026-02-08T17:51:04.435+0000] {logging_mixin.py:190} INFO - 📊 Загружаю Газпром (GAZP)
[2026-02-08T17:51:04.502+0000] {logging_mixin.py:190} INFO - ✅ GAZP: 100 записей сохранено
[2026-02-08T17:51:04.502+0000] {logging_mixin.py:190} INFO - 📊 Загружаю Лукойл (LKOH)
[2026-02-08T17:51:04.580+0000] {logging_mixin.py:190} INFO - ✅ LKOH: 100 записей сохранено
[2026-02-08T17:51:04.580+0000] {logging_mixin.py:190} INFO - 🎉 Обработано 3 инструментов, успешно: 3
[2026-02-08T17:51:04.581+0000] {python.py:240} INFO - Done. Returned value was: Обработано 3 инструментов, успешно: 3
[2026-02-08T17:51:04.601+0000] {taskinstance.py:341} INFO - ::group::Post task execution logs
[2026-02-08T17:51:04.602+0000] {taskinstance.py:353} INFO - Marking task as SUCCESS. dag_id=moex_stocks_loader, task_id=download_moex_stocks, run_id=manual__2026-02-08T17:50:31.951588+00:00, execution_date=20260208T175031, start_date=20260208T175104, end_date=20260208T175104
[2026-02-08T17:51:04.672+0000] {local_task_job_runner.py:266} INFO - Task exited with return code 0
[2026-02-08T17:51:04.685+0000] {taskinstance.py:3901} INFO - 0 downstream tasks scheduled from follow-on schedule check
[2026-02-08T17:51:04.687+0000] {local_task_job_runner.py:245} INFO - ::endgroup::
