[2026-02-08T17:27:53.158+0000] {local_task_job_runner.py:123} INFO - ::group::Pre task execution logs
[2026-02-08T17:27:53.171+0000] {taskinstance.py:2614} INFO - Dependencies all met for dep_context=non-requeueable deps ti=<TaskInstance: moex_stocks_loader.download_all_stocks manual__2026-02-08T17:27:51.163964+00:00 [queued]>
[2026-02-08T17:27:53.177+0000] {taskinstance.py:2614} INFO - Dependencies all met for dep_context=requeueable deps ti=<TaskInstance: moex_stocks_loader.download_all_stocks manual__2026-02-08T17:27:51.163964+00:00 [queued]>
[2026-02-08T17:27:53.178+0000] {taskinstance.py:2867} INFO - Starting attempt 1 of 3
[2026-02-08T17:27:53.187+0000] {taskinstance.py:2890} INFO - Executing <Task(PythonOperator): download_all_stocks> on 2026-02-08 17:27:51.163964+00:00
[2026-02-08T17:27:53.195+0000] {warnings.py:112} WARNING - /home/***/.local/lib/python3.12/site-packages/***/task/task_runner/standard_task_runner.py:70: DeprecationWarning: This process (pid=752) is multi-threaded, use of fork() may lead to deadlocks in the child.
  pid = os.fork()

[2026-02-08T17:27:53.197+0000] {standard_task_runner.py:72} INFO - Started process 754 to run task
[2026-02-08T17:27:53.196+0000] {standard_task_runner.py:104} INFO - Running: ['***', 'tasks', 'run', 'moex_stocks_loader', 'download_all_stocks', 'manual__2026-02-08T17:27:51.163964+00:00', '--job-id', '18', '--raw', '--subdir', 'DAGS_FOLDER/ticker_dag.py', '--cfg-path', '/tmp/tmpcmr4bty8']
[2026-02-08T17:27:53.199+0000] {standard_task_runner.py:105} INFO - Job 18: Subtask download_all_stocks
[2026-02-08T17:27:53.250+0000] {task_command.py:467} INFO - Running <TaskInstance: moex_stocks_loader.download_all_stocks manual__2026-02-08T17:27:51.163964+00:00 [running]> on host bd7f3fef13db
[2026-02-08T17:27:53.316+0000] {taskinstance.py:3134} INFO - Exporting env vars: AIRFLOW_CTX_DAG_OWNER='***' AIRFLOW_CTX_DAG_ID='moex_stocks_loader' AIRFLOW_CTX_TASK_ID='download_all_stocks' AIRFLOW_CTX_EXECUTION_DATE='2026-02-08T17:27:51.163964+00:00' AIRFLOW_CTX_TRY_NUMBER='1' AIRFLOW_CTX_DAG_RUN_ID='manual__2026-02-08T17:27:51.163964+00:00'
[2026-02-08T17:27:53.317+0000] {taskinstance.py:732} INFO - ::endgroup::
[2026-02-08T17:27:53.328+0000] {logging_mixin.py:190} INFO - 📈 Скачиваем Сбербанк (SBER)...
[2026-02-08T17:27:53.394+0000] {logging_mixin.py:190} INFO - ⚠️ Нет данных для SBER
[2026-02-08T17:27:53.394+0000] {logging_mixin.py:190} INFO - 📈 Скачиваем Газпром (GAZP)...
[2026-02-08T17:27:53.457+0000] {logging_mixin.py:190} INFO - ⚠️ Нет данных для GAZP
[2026-02-08T17:27:53.457+0000] {logging_mixin.py:190} INFO - 📈 Скачиваем Лукойл (LKOH)...
[2026-02-08T17:27:53.516+0000] {logging_mixin.py:190} INFO - ⚠️ Нет данных для LKOH
[2026-02-08T17:27:53.516+0000] {logging_mixin.py:190} INFO - 🎉 Итого: 0/3 акций успешно загружено
[2026-02-08T17:27:53.517+0000] {python.py:240} INFO - Done. Returned value was: []
[2026-02-08T17:27:53.536+0000] {taskinstance.py:341} INFO - ::group::Post task execution logs
[2026-02-08T17:27:53.537+0000] {taskinstance.py:353} INFO - Marking task as SUCCESS. dag_id=moex_stocks_loader, task_id=download_all_stocks, run_id=manual__2026-02-08T17:27:51.163964+00:00, execution_date=20260208T172751, start_date=20260208T172753, end_date=20260208T172753
[2026-02-08T17:27:53.581+0000] {local_task_job_runner.py:266} INFO - Task exited with return code 0
[2026-02-08T17:27:53.595+0000] {taskinstance.py:3901} INFO - 0 downstream tasks scheduled from follow-on schedule check
[2026-02-08T17:27:53.598+0000] {local_task_job_runner.py:245} INFO - ::endgroup::
