[2026-02-08T17:35:17.880+0000] {local_task_job_runner.py:123} INFO - ::group::Pre task execution logs
[2026-02-08T17:35:17.895+0000] {taskinstance.py:2614} INFO - Dependencies all met for dep_context=non-requeueable deps ti=<TaskInstance: moex_stocks_loader.download_all_stocks manual__2026-02-08T17:28:36.478237+00:00 [queued]>
[2026-02-08T17:35:17.900+0000] {taskinstance.py:2614} INFO - Dependencies all met for dep_context=requeueable deps ti=<TaskInstance: moex_stocks_loader.download_all_stocks manual__2026-02-08T17:28:36.478237+00:00 [queued]>
[2026-02-08T17:35:17.901+0000] {taskinstance.py:2867} INFO - Starting attempt 4 of 6
[2026-02-08T17:35:18.059+0000] {taskinstance.py:2890} INFO - Executing <Task(PythonOperator): download_all_stocks> on 2026-02-08 17:28:36.478237+00:00
[2026-02-08T17:35:18.067+0000] {warnings.py:112} WARNING - /home/***/.local/lib/python3.12/site-packages/***/task/task_runner/standard_task_runner.py:70: DeprecationWarning: This process (pid=883) is multi-threaded, use of fork() may lead to deadlocks in the child.
  pid = os.fork()

[2026-02-08T17:35:18.069+0000] {standard_task_runner.py:72} INFO - Started process 885 to run task
[2026-02-08T17:35:18.069+0000] {standard_task_runner.py:104} INFO - Running: ['***', 'tasks', 'run', 'moex_stocks_loader', 'download_all_stocks', 'manual__2026-02-08T17:28:36.478237+00:00', '--job-id', '23', '--raw', '--subdir', 'DAGS_FOLDER/ticker_dag.py', '--cfg-path', '/tmp/tmpn8mryr3b']
[2026-02-08T17:35:18.072+0000] {standard_task_runner.py:105} INFO - Job 23: Subtask download_all_stocks
[2026-02-08T17:35:18.124+0000] {task_command.py:467} INFO - Running <TaskInstance: moex_stocks_loader.download_all_stocks manual__2026-02-08T17:28:36.478237+00:00 [running]> on host bd7f3fef13db
[2026-02-08T17:35:18.194+0000] {taskinstance.py:3134} INFO - Exporting env vars: AIRFLOW_CTX_DAG_OWNER='***' AIRFLOW_CTX_DAG_ID='moex_stocks_loader' AIRFLOW_CTX_TASK_ID='download_all_stocks' AIRFLOW_CTX_EXECUTION_DATE='2026-02-08T17:28:36.478237+00:00' AIRFLOW_CTX_TRY_NUMBER='4' AIRFLOW_CTX_DAG_RUN_ID='manual__2026-02-08T17:28:36.478237+00:00'
[2026-02-08T17:35:18.195+0000] {taskinstance.py:732} INFO - ::endgroup::
[2026-02-08T17:35:18.206+0000] {logging_mixin.py:190} INFO - 📈 SBER...
[2026-02-08T17:35:18.282+0000] {logging_mixin.py:190} INFO - ✅ 100 строк
[2026-02-08T17:35:18.282+0000] {logging_mixin.py:190} INFO - 🎉 Готово: ['SBER: 100 строк']
[2026-02-08T17:35:18.283+0000] {python.py:240} INFO - Done. Returned value was: ['Все файлы созданы']
[2026-02-08T17:35:18.302+0000] {taskinstance.py:341} INFO - ::group::Post task execution logs
[2026-02-08T17:35:18.303+0000] {taskinstance.py:353} INFO - Marking task as SUCCESS. dag_id=moex_stocks_loader, task_id=download_all_stocks, run_id=manual__2026-02-08T17:28:36.478237+00:00, execution_date=20260208T172836, start_date=20260208T173517, end_date=20260208T173518
[2026-02-08T17:35:18.367+0000] {local_task_job_runner.py:266} INFO - Task exited with return code 0
[2026-02-08T17:35:18.381+0000] {taskinstance.py:3901} INFO - 0 downstream tasks scheduled from follow-on schedule check
[2026-02-08T17:35:18.384+0000] {local_task_job_runner.py:245} INFO - ::endgroup::
