[2026-02-08T17:34:46.236+0000] {local_task_job_runner.py:123} INFO - ::group::Pre task execution logs
[2026-02-08T17:34:46.253+0000] {taskinstance.py:2614} INFO - Dependencies all met for dep_context=non-requeueable deps ti=<TaskInstance: moex_stocks_loader.download_all_stocks manual__2026-02-08T17:28:36.478237+00:00 [queued]>
[2026-02-08T17:34:46.260+0000] {taskinstance.py:2614} INFO - Dependencies all met for dep_context=requeueable deps ti=<TaskInstance: moex_stocks_loader.download_all_stocks manual__2026-02-08T17:28:36.478237+00:00 [queued]>
[2026-02-08T17:34:46.260+0000] {taskinstance.py:2867} INFO - Starting attempt 3 of 5
[2026-02-08T17:34:46.428+0000] {taskinstance.py:2890} INFO - Executing <Task(PythonOperator): download_all_stocks> on 2026-02-08 17:28:36.478237+00:00
[2026-02-08T17:34:46.436+0000] {warnings.py:112} WARNING - /home/***/.local/lib/python3.12/site-packages/***/task/task_runner/standard_task_runner.py:70: DeprecationWarning: This process (pid=872) is multi-threaded, use of fork() may lead to deadlocks in the child.
  pid = os.fork()

[2026-02-08T17:34:46.438+0000] {standard_task_runner.py:72} INFO - Started process 874 to run task
[2026-02-08T17:34:46.438+0000] {standard_task_runner.py:104} INFO - Running: ['***', 'tasks', 'run', 'moex_stocks_loader', 'download_all_stocks', 'manual__2026-02-08T17:28:36.478237+00:00', '--job-id', '22', '--raw', '--subdir', 'DAGS_FOLDER/ticker_dag.py', '--cfg-path', '/tmp/tmp4cgjuen4']
[2026-02-08T17:34:46.441+0000] {standard_task_runner.py:105} INFO - Job 22: Subtask download_all_stocks
[2026-02-08T17:34:46.499+0000] {task_command.py:467} INFO - Running <TaskInstance: moex_stocks_loader.download_all_stocks manual__2026-02-08T17:28:36.478237+00:00 [running]> on host bd7f3fef13db
[2026-02-08T17:34:46.563+0000] {taskinstance.py:3134} INFO - Exporting env vars: AIRFLOW_CTX_DAG_OWNER='***' AIRFLOW_CTX_DAG_ID='moex_stocks_loader' AIRFLOW_CTX_TASK_ID='download_all_stocks' AIRFLOW_CTX_EXECUTION_DATE='2026-02-08T17:28:36.478237+00:00' AIRFLOW_CTX_TRY_NUMBER='3' AIRFLOW_CTX_DAG_RUN_ID='manual__2026-02-08T17:28:36.478237+00:00'
[2026-02-08T17:34:46.564+0000] {taskinstance.py:732} INFO - ::endgroup::
[2026-02-08T17:34:46.576+0000] {logging_mixin.py:190} INFO - 📈 SBER...
[2026-02-08T17:34:46.650+0000] {logging_mixin.py:190} INFO - ✅ 100 строк
[2026-02-08T17:34:46.650+0000] {logging_mixin.py:190} INFO - 🎉 Готово: ['SBER: 100 строк']
[2026-02-08T17:34:46.651+0000] {python.py:240} INFO - Done. Returned value was: ['Все файлы созданы']
[2026-02-08T17:34:46.670+0000] {taskinstance.py:341} INFO - ::group::Post task execution logs
[2026-02-08T17:34:46.671+0000] {taskinstance.py:353} INFO - Marking task as SUCCESS. dag_id=moex_stocks_loader, task_id=download_all_stocks, run_id=manual__2026-02-08T17:28:36.478237+00:00, execution_date=20260208T172836, start_date=20260208T173446, end_date=20260208T173446
[2026-02-08T17:34:46.736+0000] {local_task_job_runner.py:266} INFO - Task exited with return code 0
[2026-02-08T17:34:46.752+0000] {taskinstance.py:3901} INFO - 0 downstream tasks scheduled from follow-on schedule check
[2026-02-08T17:34:46.754+0000] {local_task_job_runner.py:245} INFO - ::endgroup::
