[2026-02-08T17:34:28.964+0000] {local_task_job_runner.py:123} INFO - ::group::Pre task execution logs
[2026-02-08T17:34:28.979+0000] {taskinstance.py:2614} INFO - Dependencies all met for dep_context=non-requeueable deps ti=<TaskInstance: moex_stocks_loader.download_all_stocks manual__2026-02-08T17:32:16.234288+00:00 [queued]>
[2026-02-08T17:34:28.984+0000] {taskinstance.py:2614} INFO - Dependencies all met for dep_context=requeueable deps ti=<TaskInstance: moex_stocks_loader.download_all_stocks manual__2026-02-08T17:32:16.234288+00:00 [queued]>
[2026-02-08T17:34:28.985+0000] {taskinstance.py:2867} INFO - Starting attempt 3 of 5
[2026-02-08T17:34:29.140+0000] {taskinstance.py:2890} INFO - Executing <Task(PythonOperator): download_all_stocks> on 2026-02-08 17:32:16.234288+00:00
[2026-02-08T17:34:29.148+0000] {warnings.py:112} WARNING - /home/***/.local/lib/python3.12/site-packages/***/task/task_runner/standard_task_runner.py:70: DeprecationWarning: This process (pid=861) is multi-threaded, use of fork() may lead to deadlocks in the child.
  pid = os.fork()

[2026-02-08T17:34:29.150+0000] {standard_task_runner.py:72} INFO - Started process 863 to run task
[2026-02-08T17:34:29.150+0000] {standard_task_runner.py:104} INFO - Running: ['***', 'tasks', 'run', 'moex_stocks_loader', 'download_all_stocks', 'manual__2026-02-08T17:32:16.234288+00:00', '--job-id', '21', '--raw', '--subdir', 'DAGS_FOLDER/ticker_dag.py', '--cfg-path', '/tmp/tmp2yqivpjy']
[2026-02-08T17:34:29.152+0000] {standard_task_runner.py:105} INFO - Job 21: Subtask download_all_stocks
[2026-02-08T17:34:29.201+0000] {task_command.py:467} INFO - Running <TaskInstance: moex_stocks_loader.download_all_stocks manual__2026-02-08T17:32:16.234288+00:00 [running]> on host bd7f3fef13db
[2026-02-08T17:34:29.267+0000] {taskinstance.py:3134} INFO - Exporting env vars: AIRFLOW_CTX_DAG_OWNER='***' AIRFLOW_CTX_DAG_ID='moex_stocks_loader' AIRFLOW_CTX_TASK_ID='download_all_stocks' AIRFLOW_CTX_EXECUTION_DATE='2026-02-08T17:32:16.234288+00:00' AIRFLOW_CTX_TRY_NUMBER='3' AIRFLOW_CTX_DAG_RUN_ID='manual__2026-02-08T17:32:16.234288+00:00'
[2026-02-08T17:34:29.268+0000] {taskinstance.py:732} INFO - ::endgroup::
[2026-02-08T17:34:29.280+0000] {logging_mixin.py:190} INFO - 📈 SBER...
[2026-02-08T17:34:29.359+0000] {logging_mixin.py:190} INFO - ✅ 100 строк
[2026-02-08T17:34:29.360+0000] {logging_mixin.py:190} INFO - 🎉 Готово: ['SBER: 100 строк']
[2026-02-08T17:34:29.360+0000] {python.py:240} INFO - Done. Returned value was: ['Все файлы созданы']
[2026-02-08T17:34:29.379+0000] {taskinstance.py:341} INFO - ::group::Post task execution logs
[2026-02-08T17:34:29.380+0000] {taskinstance.py:353} INFO - Marking task as SUCCESS. dag_id=moex_stocks_loader, task_id=download_all_stocks, run_id=manual__2026-02-08T17:32:16.234288+00:00, execution_date=20260208T173216, start_date=20260208T173428, end_date=20260208T173429
[2026-02-08T17:34:29.410+0000] {local_task_job_runner.py:266} INFO - Task exited with return code 0
[2026-02-08T17:34:29.424+0000] {taskinstance.py:3901} INFO - 0 downstream tasks scheduled from follow-on schedule check
[2026-02-08T17:34:29.426+0000] {local_task_job_runner.py:245} INFO - ::endgroup::
