[2026-02-08T17:01:46.598+0000] {local_task_job_runner.py:123} INFO - ::group::Pre task execution logs
[2026-02-08T17:01:46.614+0000] {taskinstance.py:2614} INFO - Dependencies all met for dep_context=non-requeueable deps ti=<TaskInstance: moex_stocks_loader.download_all_stocks manual__2026-02-08T17:00:33.138534+00:00 [queued]>
[2026-02-08T17:01:46.619+0000] {taskinstance.py:2614} INFO - Dependencies all met for dep_context=requeueable deps ti=<TaskInstance: moex_stocks_loader.download_all_stocks manual__2026-02-08T17:00:33.138534+00:00 [queued]>
[2026-02-08T17:01:46.620+0000] {taskinstance.py:2867} INFO - Starting attempt 1 of 3
[2026-02-08T17:01:46.628+0000] {taskinstance.py:2890} INFO - Executing <Task(PythonOperator): download_all_stocks> on 2026-02-08 17:00:33.138534+00:00
[2026-02-08T17:01:46.636+0000] {warnings.py:112} WARNING - /home/***/.local/lib/python3.12/site-packages/***/task/task_runner/standard_task_runner.py:70: DeprecationWarning: This process (pid=287) is multi-threaded, use of fork() may lead to deadlocks in the child.
  pid = os.fork()

[2026-02-08T17:01:46.638+0000] {standard_task_runner.py:72} INFO - Started process 289 to run task
[2026-02-08T17:01:46.638+0000] {standard_task_runner.py:104} INFO - Running: ['***', 'tasks', 'run', 'moex_stocks_loader', 'download_all_stocks', 'manual__2026-02-08T17:00:33.138534+00:00', '--job-id', '12', '--raw', '--subdir', 'DAGS_FOLDER/ticker_dag.py', '--cfg-path', '/tmp/tmpcmxdna2l']
[2026-02-08T17:01:46.641+0000] {standard_task_runner.py:105} INFO - Job 12: Subtask download_all_stocks
[2026-02-08T17:01:46.687+0000] {task_command.py:467} INFO - Running <TaskInstance: moex_stocks_loader.download_all_stocks manual__2026-02-08T17:00:33.138534+00:00 [running]> on host bd7f3fef13db
[2026-02-08T17:01:46.749+0000] {taskinstance.py:3134} INFO - Exporting env vars: AIRFLOW_CTX_DAG_OWNER='student' AIRFLOW_CTX_DAG_ID='moex_stocks_loader' AIRFLOW_CTX_TASK_ID='download_all_stocks' AIRFLOW_CTX_EXECUTION_DATE='2026-02-08T17:00:33.138534+00:00' AIRFLOW_CTX_TRY_NUMBER='1' AIRFLOW_CTX_DAG_RUN_ID='manual__2026-02-08T17:00:33.138534+00:00'
[2026-02-08T17:01:46.750+0000] {taskinstance.py:732} INFO - ::endgroup::
[2026-02-08T17:01:46.763+0000] {logging_mixin.py:190} INFO - 📅 Загрузка за период: 2026-02-07 - 2026-02-08
[2026-02-08T17:01:46.764+0000] {logging_mixin.py:190} INFO - 📈 Скачиваем Газпром (GAZP)...
[2026-02-08T17:01:48.378+0000] {quote.py:592} ERROR - HTTP Error 404: {"quoteSummary":{"result":null,"error":{"code":"Not Found","description":"Quote not found for symbol: GAZP"}}}
[2026-02-08T17:01:48.732+0000] {history.py:127} ERROR - $GAZP: possibly delisted; no timezone found
[2026-02-08T17:01:48.733+0000] {multi.py:176} ERROR - 
1 Failed download:
[2026-02-08T17:01:48.734+0000] {multi.py:189} ERROR - ['GAZP']: possibly delisted; no timezone found
[2026-02-08T17:01:48.756+0000] {logging_mixin.py:190} INFO -   ⚠️ Нет данных для GAZP
[2026-02-08T17:01:48.756+0000] {logging_mixin.py:190} INFO - 📈 Скачиваем Сбербанк (SBER)...
[2026-02-08T17:01:49.876+0000] {quote.py:592} ERROR - HTTP Error 404: {"quoteSummary":{"result":null,"error":{"code":"Not Found","description":"Quote not found for symbol: SBER"}}}
[2026-02-08T17:01:50.076+0000] {history.py:127} ERROR - $SBER: possibly delisted; no timezone found
[2026-02-08T17:01:50.084+0000] {multi.py:176} ERROR - 
1 Failed download:
[2026-02-08T17:01:50.085+0000] {multi.py:189} ERROR - ['SBER']: possibly delisted; no timezone found
[2026-02-08T17:01:50.087+0000] {logging_mixin.py:190} INFO -   ⚠️ Нет данных для SBER
[2026-02-08T17:01:50.088+0000] {logging_mixin.py:190} INFO - 📈 Скачиваем Лукойл (LKOH)...
[2026-02-08T17:01:50.769+0000] {history.py:127} ERROR - $LKOH: possibly delisted; no timezone found
[2026-02-08T17:01:50.775+0000] {multi.py:176} ERROR - 
1 Failed download:
[2026-02-08T17:01:50.775+0000] {multi.py:189} ERROR - ['LKOH']: possibly delisted; no timezone found
[2026-02-08T17:01:50.779+0000] {logging_mixin.py:190} INFO -   ⚠️ Нет данных для LKOH
[2026-02-08T17:01:50.779+0000] {logging_mixin.py:190} INFO - 📈 Скачиваем Яндекс (YNDX)...
[2026-02-08T17:01:51.574+0000] {history.py:127} ERROR - $YNDX: possibly delisted; no timezone found
[2026-02-08T17:01:51.582+0000] {multi.py:176} ERROR - 
1 Failed download:
[2026-02-08T17:01:51.583+0000] {multi.py:189} ERROR - ['YNDX']: possibly delisted; no timezone found
[2026-02-08T17:01:51.586+0000] {logging_mixin.py:190} INFO -   ⚠️ Нет данных для YNDX
[2026-02-08T17:01:51.587+0000] {logging_mixin.py:190} INFO - 📈 Скачиваем Новатэк (NVTK)...
[2026-02-08T17:01:52.226+0000] {history.py:127} ERROR - $NVTK: possibly delisted; no timezone found
[2026-02-08T17:01:52.235+0000] {multi.py:176} ERROR - 
1 Failed download:
[2026-02-08T17:01:52.236+0000] {multi.py:189} ERROR - ['NVTK']: possibly delisted; no timezone found
[2026-02-08T17:01:52.238+0000] {logging_mixin.py:190} INFO -   ⚠️ Нет данных для NVTK
[2026-02-08T17:01:52.239+0000] {logging_mixin.py:190} INFO - 📈 Скачиваем Магнит (MGNT)...
[2026-02-08T17:01:52.385+0000] {history.py:276} ERROR - $MGNT: possibly delisted; no price data found  (1d 2026-02-07 00:00:00+00:00 -> 2026-02-08 00:00:00+00:00)
[2026-02-08T17:01:52.385+0000] {multi.py:176} ERROR - 
1 Failed download:
[2026-02-08T17:01:52.386+0000] {multi.py:189} ERROR - ['MGNT']: possibly delisted; no price data found  (1d 2026-02-07 00:00:00+00:00 -> 2026-02-08 00:00:00+00:00)
[2026-02-08T17:01:52.389+0000] {logging_mixin.py:190} INFO -   ⚠️ Нет данных для MGNT
[2026-02-08T17:01:52.389+0000] {logging_mixin.py:190} INFO - 🎉 Итого: 0/6 акций успешно загружено
[2026-02-08T17:01:52.390+0000] {python.py:240} INFO - Done. Returned value was: {}
[2026-02-08T17:01:52.409+0000] {taskinstance.py:341} INFO - ::group::Post task execution logs
[2026-02-08T17:01:52.409+0000] {taskinstance.py:353} INFO - Marking task as SUCCESS. dag_id=moex_stocks_loader, task_id=download_all_stocks, run_id=manual__2026-02-08T17:00:33.138534+00:00, execution_date=20260208T170033, start_date=20260208T170146, end_date=20260208T170152
[2026-02-08T17:01:52.484+0000] {local_task_job_runner.py:266} INFO - Task exited with return code 0
[2026-02-08T17:01:52.498+0000] {taskinstance.py:3901} INFO - 0 downstream tasks scheduled from follow-on schedule check
[2026-02-08T17:01:52.500+0000] {local_task_job_runner.py:245} INFO - ::endgroup::
