[2026-02-08T19:38:42.939+0000] {local_task_job_runner.py:123} INFO - ::group::Pre task execution logs
[2026-02-08T19:38:42.953+0000] {taskinstance.py:2614} INFO - Dependencies all met for dep_context=non-requeueable deps ti=<TaskInstance: moex_stocks_loader.download_moex_stocks manual__2026-02-08T19:38:41.552777+00:00 [queued]>
[2026-02-08T19:38:42.959+0000] {taskinstance.py:2614} INFO - Dependencies all met for dep_context=requeueable deps ti=<TaskInstance: moex_stocks_loader.download_moex_stocks manual__2026-02-08T19:38:41.552777+00:00 [queued]>
[2026-02-08T19:38:42.959+0000] {taskinstance.py:2867} INFO - Starting attempt 1 of 1
[2026-02-08T19:38:42.968+0000] {taskinstance.py:2890} INFO - Executing <Task(PythonOperator): download_moex_stocks> on 2026-02-08 19:38:41.552777+00:00
[2026-02-08T19:38:42.976+0000] {warnings.py:112} WARNING - /home/***/.local/lib/python3.12/site-packages/***/task/task_runner/standard_task_runner.py:70: DeprecationWarning: This process (pid=2722) is multi-threaded, use of fork() may lead to deadlocks in the child.
  pid = os.fork()

[2026-02-08T19:38:42.978+0000] {standard_task_runner.py:72} INFO - Started process 2724 to run task
[2026-02-08T19:38:42.978+0000] {standard_task_runner.py:104} INFO - Running: ['***', 'tasks', 'run', 'moex_stocks_loader', 'download_moex_stocks', 'manual__2026-02-08T19:38:41.552777+00:00', '--job-id', '47', '--raw', '--subdir', 'DAGS_FOLDER/ticker_dag.py', '--cfg-path', '/tmp/tmp3lvmrdla']
[2026-02-08T19:38:42.980+0000] {standard_task_runner.py:105} INFO - Job 47: Subtask download_moex_stocks
[2026-02-08T19:38:43.030+0000] {task_command.py:467} INFO - Running <TaskInstance: moex_stocks_loader.download_moex_stocks manual__2026-02-08T19:38:41.552777+00:00 [running]> on host bd7f3fef13db
[2026-02-08T19:38:43.096+0000] {taskinstance.py:3134} INFO - Exporting env vars: AIRFLOW_CTX_DAG_OWNER='***' AIRFLOW_CTX_DAG_ID='moex_stocks_loader' AIRFLOW_CTX_TASK_ID='download_moex_stocks' AIRFLOW_CTX_EXECUTION_DATE='2026-02-08T19:38:41.552777+00:00' AIRFLOW_CTX_TRY_NUMBER='1' AIRFLOW_CTX_DAG_RUN_ID='manual__2026-02-08T19:38:41.552777+00:00'
[2026-02-08T19:38:43.097+0000] {taskinstance.py:732} INFO - ::endgroup::
[2026-02-08T19:38:43.111+0000] {logging_mixin.py:190} INFO - ✅ Загружен config.json: 11 тикеров
[2026-02-08T19:38:43.113+0000] {logging_mixin.py:190} INFO - 📂 Существующих файлов: 26
[2026-02-08T19:38:43.113+0000] {logging_mixin.py:190} INFO - ⏭️ TATN_2026-02-08.json уже существует
[2026-02-08T19:38:43.114+0000] {logging_mixin.py:190} INFO - ⏭️ TRNFP_2026-02-08.json уже существует
[2026-02-08T19:38:43.114+0000] {logging_mixin.py:190} INFO - ⏭️ FIVE_2026-02-08.json уже существует
[2026-02-08T19:38:43.114+0000] {logging_mixin.py:190} INFO - ⏭️ MGNT_2026-02-08.json уже существует
[2026-02-08T19:38:43.115+0000] {logging_mixin.py:190} INFO - ⏭️ YNDX_2026-02-08.json уже существует
[2026-02-08T19:38:43.115+0000] {logging_mixin.py:190} INFO - ⏭️ OZON_2026-02-08.json уже существует
[2026-02-08T19:38:43.115+0000] {logging_mixin.py:190} INFO - ⏭️ MTSS_2026-02-08.json уже существует
[2026-02-08T19:38:43.116+0000] {logging_mixin.py:190} INFO - ⏭️ VTBR_2026-02-08.json уже существует
[2026-02-08T19:38:43.116+0000] {logging_mixin.py:190} INFO - ⏭️ HHRU_2026-02-08.json уже существует
[2026-02-08T19:38:43.116+0000] {logging_mixin.py:190} INFO - ⏭️ RTKM_2026-02-08.json уже существует
[2026-02-08T19:38:43.117+0000] {logging_mixin.py:190} INFO - ⏭️ NVTK_2026-02-08.json уже существует
[2026-02-08T19:38:43.117+0000] {logging_mixin.py:190} INFO - 🎉 Всего: 11, новых: 0, пропущено: 11
[2026-02-08T19:38:43.117+0000] {python.py:240} INFO - Done. Returned value was: Всего: 11, новых: 0, пропущено: 11
[2026-02-08T19:38:43.136+0000] {taskinstance.py:341} INFO - ::group::Post task execution logs
[2026-02-08T19:38:43.136+0000] {taskinstance.py:353} INFO - Marking task as SUCCESS. dag_id=moex_stocks_loader, task_id=download_moex_stocks, run_id=manual__2026-02-08T19:38:41.552777+00:00, execution_date=20260208T193841, start_date=20260208T193842, end_date=20260208T193843
[2026-02-08T19:38:43.202+0000] {local_task_job_runner.py:266} INFO - Task exited with return code 0
[2026-02-08T19:38:43.217+0000] {taskinstance.py:3901} INFO - 0 downstream tasks scheduled from follow-on schedule check
[2026-02-08T19:38:43.219+0000] {local_task_job_runner.py:245} INFO - ::endgroup::
