[2026-02-08T19:37:39.694+0000] {local_task_job_runner.py:123} INFO - ::group::Pre task execution logs
[2026-02-08T19:37:39.708+0000] {taskinstance.py:2614} INFO - Dependencies all met for dep_context=non-requeueable deps ti=<TaskInstance: moex_stocks_loader.download_moex_stocks manual__2026-02-08T19:37:37.148015+00:00 [queued]>
[2026-02-08T19:37:39.714+0000] {taskinstance.py:2614} INFO - Dependencies all met for dep_context=requeueable deps ti=<TaskInstance: moex_stocks_loader.download_moex_stocks manual__2026-02-08T19:37:37.148015+00:00 [queued]>
[2026-02-08T19:37:39.714+0000] {taskinstance.py:2867} INFO - Starting attempt 1 of 1
[2026-02-08T19:37:39.724+0000] {taskinstance.py:2890} INFO - Executing <Task(PythonOperator): download_moex_stocks> on 2026-02-08 19:37:37.148015+00:00
[2026-02-08T19:37:39.731+0000] {warnings.py:112} WARNING - /home/***/.local/lib/python3.12/site-packages/***/task/task_runner/standard_task_runner.py:70: DeprecationWarning: This process (pid=2704) is multi-threaded, use of fork() may lead to deadlocks in the child.
  pid = os.fork()

[2026-02-08T19:37:39.733+0000] {standard_task_runner.py:72} INFO - Started process 2706 to run task
[2026-02-08T19:37:39.733+0000] {standard_task_runner.py:104} INFO - Running: ['***', 'tasks', 'run', 'moex_stocks_loader', 'download_moex_stocks', 'manual__2026-02-08T19:37:37.148015+00:00', '--job-id', '46', '--raw', '--subdir', 'DAGS_FOLDER/ticker_dag.py', '--cfg-path', '/tmp/tmpoo0l0tuz']
[2026-02-08T19:37:39.736+0000] {standard_task_runner.py:105} INFO - Job 46: Subtask download_moex_stocks
[2026-02-08T19:37:39.785+0000] {task_command.py:467} INFO - Running <TaskInstance: moex_stocks_loader.download_moex_stocks manual__2026-02-08T19:37:37.148015+00:00 [running]> on host bd7f3fef13db
[2026-02-08T19:37:39.854+0000] {taskinstance.py:3134} INFO - Exporting env vars: AIRFLOW_CTX_DAG_OWNER='***' AIRFLOW_CTX_DAG_ID='moex_stocks_loader' AIRFLOW_CTX_TASK_ID='download_moex_stocks' AIRFLOW_CTX_EXECUTION_DATE='2026-02-08T19:37:37.148015+00:00' AIRFLOW_CTX_TRY_NUMBER='1' AIRFLOW_CTX_DAG_RUN_ID='manual__2026-02-08T19:37:37.148015+00:00'
[2026-02-08T19:37:39.855+0000] {taskinstance.py:732} INFO - ::endgroup::
[2026-02-08T19:37:39.870+0000] {logging_mixin.py:190} INFO - ✅ Загружен config.json: 11 тикеров
[2026-02-08T19:37:39.872+0000] {logging_mixin.py:190} INFO - 📂 Существующих файлов: 15
[2026-02-08T19:37:39.872+0000] {logging_mixin.py:190} INFO - 📊 Загружаю Татнефть (TATN)
[2026-02-08T19:37:39.957+0000] {logging_mixin.py:190} INFO - ✅ TATN: 100 записей сохранено
[2026-02-08T19:37:39.958+0000] {logging_mixin.py:190} INFO - 📊 Загружаю Транснефть (TRNFP)
[2026-02-08T19:37:40.039+0000] {logging_mixin.py:190} INFO - ✅ TRNFP: 100 записей сохранено
[2026-02-08T19:37:40.040+0000] {logging_mixin.py:190} INFO - 📊 Загружаю X5 Retail Group (FIVE)
[2026-02-08T19:37:40.106+0000] {logging_mixin.py:190} INFO - ✅ FIVE: 100 записей сохранено
[2026-02-08T19:37:40.107+0000] {logging_mixin.py:190} INFO - 📊 Загружаю Магнит (MGNT)
[2026-02-08T19:37:40.173+0000] {logging_mixin.py:190} INFO - ✅ MGNT: 100 записей сохранено
[2026-02-08T19:37:40.173+0000] {logging_mixin.py:190} INFO - 📊 Загружаю Яндекс (YNDX)
[2026-02-08T19:37:40.236+0000] {logging_mixin.py:190} INFO - ✅ YNDX: 100 записей сохранено
[2026-02-08T19:37:40.236+0000] {logging_mixin.py:190} INFO - 📊 Загружаю Ozon (OZON)
[2026-02-08T19:37:40.299+0000] {logging_mixin.py:190} INFO - ✅ OZON: 100 записей сохранено
[2026-02-08T19:37:40.299+0000] {logging_mixin.py:190} INFO - 📊 Загружаю МТС (MTSS)
[2026-02-08T19:37:40.375+0000] {logging_mixin.py:190} INFO - ✅ MTSS: 100 записей сохранено
[2026-02-08T19:37:40.375+0000] {logging_mixin.py:190} INFO - 📊 Загружаю ВТБ (VTBR)
[2026-02-08T19:37:40.443+0000] {logging_mixin.py:190} INFO - ✅ VTBR: 100 записей сохранено
[2026-02-08T19:37:40.443+0000] {logging_mixin.py:190} INFO - 📊 Загружаю HeadHunter (HHRU)
[2026-02-08T19:37:40.510+0000] {logging_mixin.py:190} INFO - ✅ HHRU: 100 записей сохранено
[2026-02-08T19:37:40.510+0000] {logging_mixin.py:190} INFO - 📊 Загружаю Ростелеком (RTKM)
[2026-02-08T19:37:40.581+0000] {logging_mixin.py:190} INFO - ✅ RTKM: 100 записей сохранено
[2026-02-08T19:37:40.582+0000] {logging_mixin.py:190} INFO - 📊 Загружаю Новатэк (NVTK)
[2026-02-08T19:37:40.647+0000] {logging_mixin.py:190} INFO - ✅ NVTK: 100 записей сохранено
[2026-02-08T19:37:40.647+0000] {logging_mixin.py:190} INFO - 🎉 Всего: 11, новых: 11, пропущено: 0
[2026-02-08T19:37:40.648+0000] {python.py:240} INFO - Done. Returned value was: Всего: 11, новых: 11, пропущено: 0
[2026-02-08T19:37:40.670+0000] {taskinstance.py:341} INFO - ::group::Post task execution logs
[2026-02-08T19:37:40.671+0000] {taskinstance.py:353} INFO - Marking task as SUCCESS. dag_id=moex_stocks_loader, task_id=download_moex_stocks, run_id=manual__2026-02-08T19:37:37.148015+00:00, execution_date=20260208T193737, start_date=20260208T193739, end_date=20260208T193740
[2026-02-08T19:37:40.739+0000] {local_task_job_runner.py:266} INFO - Task exited with return code 0
[2026-02-08T19:37:40.755+0000] {taskinstance.py:3901} INFO - 0 downstream tasks scheduled from follow-on schedule check
[2026-02-08T19:37:40.757+0000] {local_task_job_runner.py:245} INFO - ::endgroup::
