[2026-02-08T17:15:38.162+0000] {local_task_job_runner.py:123} INFO - ::group::Pre task execution logs
[2026-02-08T17:15:38.177+0000] {taskinstance.py:2614} INFO - Dependencies all met for dep_context=non-requeueable deps ti=<TaskInstance: moex_stocks_loader.download_all_stocks manual__2026-02-08T17:15:35.516323+00:00 [queued]>
[2026-02-08T17:15:38.183+0000] {taskinstance.py:2614} INFO - Dependencies all met for dep_context=requeueable deps ti=<TaskInstance: moex_stocks_loader.download_all_stocks manual__2026-02-08T17:15:35.516323+00:00 [queued]>
[2026-02-08T17:15:38.184+0000] {taskinstance.py:2867} INFO - Starting attempt 1 of 3
[2026-02-08T17:15:38.194+0000] {taskinstance.py:2890} INFO - Executing <Task(PythonOperator): download_all_stocks> on 2026-02-08 17:15:35.516323+00:00
[2026-02-08T17:15:38.202+0000] {warnings.py:112} WARNING - /home/***/.local/lib/python3.12/site-packages/***/task/task_runner/standard_task_runner.py:70: DeprecationWarning: This process (pid=572) is multi-threaded, use of fork() may lead to deadlocks in the child.
  pid = os.fork()

[2026-02-08T17:15:38.203+0000] {standard_task_runner.py:72} INFO - Started process 574 to run task
[2026-02-08T17:15:38.204+0000] {standard_task_runner.py:104} INFO - Running: ['***', 'tasks', 'run', 'moex_stocks_loader', 'download_all_stocks', 'manual__2026-02-08T17:15:35.516323+00:00', '--job-id', '17', '--raw', '--subdir', 'DAGS_FOLDER/ticker_dag.py', '--cfg-path', '/tmp/tmpd9lo_s23']
[2026-02-08T17:15:38.207+0000] {standard_task_runner.py:105} INFO - Job 17: Subtask download_all_stocks
[2026-02-08T17:15:38.257+0000] {task_command.py:467} INFO - Running <TaskInstance: moex_stocks_loader.download_all_stocks manual__2026-02-08T17:15:35.516323+00:00 [running]> on host bd7f3fef13db
[2026-02-08T17:15:38.320+0000] {taskinstance.py:3134} INFO - Exporting env vars: AIRFLOW_CTX_DAG_OWNER='***' AIRFLOW_CTX_DAG_ID='moex_stocks_loader' AIRFLOW_CTX_TASK_ID='download_all_stocks' AIRFLOW_CTX_EXECUTION_DATE='2026-02-08T17:15:35.516323+00:00' AIRFLOW_CTX_TRY_NUMBER='1' AIRFLOW_CTX_DAG_RUN_ID='manual__2026-02-08T17:15:35.516323+00:00'
[2026-02-08T17:15:38.321+0000] {taskinstance.py:732} INFO - ::endgroup::
[2026-02-08T17:15:38.336+0000] {logging_mixin.py:190} INFO - 📈 Скачиваем Apple (AAPL)...
[2026-02-08T17:15:37.518+0000] {logging_mixin.py:190} INFO - ✅ AAPL: 4 строк
[2026-02-08T17:15:37.519+0000] {logging_mixin.py:190} INFO - 📈 Скачиваем Microsoft (MSFT)...
[2026-02-08T17:15:37.840+0000] {logging_mixin.py:190} INFO - ✅ MSFT: 4 строк
[2026-02-08T17:15:37.840+0000] {logging_mixin.py:190} INFO - 📈 Скачиваем Google (GOOGL)...
[2026-02-08T17:15:38.295+0000] {logging_mixin.py:190} INFO - ✅ GOOGL: 4 строк
[2026-02-08T17:15:38.296+0000] {logging_mixin.py:190} INFO - 🎉 Итого: 3/3 акций успешно загружено
[2026-02-08T17:15:38.296+0000] {python.py:240} INFO - Done. Returned value was: ['AAPL: 4 строк', 'MSFT: 4 строк', 'GOOGL: 4 строк']
[2026-02-08T17:15:38.320+0000] {taskinstance.py:341} INFO - ::group::Post task execution logs
[2026-02-08T17:15:38.320+0000] {taskinstance.py:353} INFO - Marking task as SUCCESS. dag_id=moex_stocks_loader, task_id=download_all_stocks, run_id=manual__2026-02-08T17:15:35.516323+00:00, execution_date=20260208T171535, start_date=20260208T171538, end_date=20260208T171538
[2026-02-08T17:15:38.377+0000] {local_task_job_runner.py:266} INFO - Task exited with return code 0
[2026-02-08T17:15:38.394+0000] {taskinstance.py:3901} INFO - 0 downstream tasks scheduled from follow-on schedule check
[2026-02-08T17:15:38.396+0000] {local_task_job_runner.py:245} INFO - ::endgroup::
