[2026-02-08T17:30:27.986+0000] {local_task_job_runner.py:123} INFO - ::group::Pre task execution logs
[2026-02-08T17:30:28.002+0000] {taskinstance.py:2614} INFO - Dependencies all met for dep_context=non-requeueable deps ti=<TaskInstance: moex_stocks_loader.download_all_stocks manual__2026-02-08T17:30:25.994284+00:00 [queued]>
[2026-02-08T17:30:28.008+0000] {taskinstance.py:2614} INFO - Dependencies all met for dep_context=requeueable deps ti=<TaskInstance: moex_stocks_loader.download_all_stocks manual__2026-02-08T17:30:25.994284+00:00 [queued]>
[2026-02-08T17:30:28.009+0000] {taskinstance.py:2867} INFO - Starting attempt 1 of 3
[2026-02-08T17:30:28.017+0000] {taskinstance.py:2890} INFO - Executing <Task(PythonOperator): download_all_stocks> on 2026-02-08 17:30:25.994284+00:00
[2026-02-08T17:30:28.024+0000] {warnings.py:112} WARNING - /home/***/.local/lib/python3.12/site-packages/***/task/task_runner/standard_task_runner.py:70: DeprecationWarning: This process (pid=792) is multi-threaded, use of fork() may lead to deadlocks in the child.
  pid = os.fork()

[2026-02-08T17:30:28.026+0000] {standard_task_runner.py:72} INFO - Started process 794 to run task
[2026-02-08T17:30:28.026+0000] {standard_task_runner.py:104} INFO - Running: ['***', 'tasks', 'run', 'moex_stocks_loader', 'download_all_stocks', 'manual__2026-02-08T17:30:25.994284+00:00', '--job-id', '19', '--raw', '--subdir', 'DAGS_FOLDER/ticker_dag.py', '--cfg-path', '/tmp/tmpats0j5jp']
[2026-02-08T17:30:28.029+0000] {standard_task_runner.py:105} INFO - Job 19: Subtask download_all_stocks
[2026-02-08T17:30:28.078+0000] {task_command.py:467} INFO - Running <TaskInstance: moex_stocks_loader.download_all_stocks manual__2026-02-08T17:30:25.994284+00:00 [running]> on host bd7f3fef13db
[2026-02-08T17:30:28.347+0000] {taskinstance.py:3134} INFO - Exporting env vars: AIRFLOW_CTX_DAG_OWNER='***' AIRFLOW_CTX_DAG_ID='moex_stocks_loader' AIRFLOW_CTX_TASK_ID='download_all_stocks' AIRFLOW_CTX_EXECUTION_DATE='2026-02-08T17:30:25.994284+00:00' AIRFLOW_CTX_TRY_NUMBER='1' AIRFLOW_CTX_DAG_RUN_ID='manual__2026-02-08T17:30:25.994284+00:00'
[2026-02-08T17:30:28.348+0000] {taskinstance.py:732} INFO - ::endgroup::
[2026-02-08T17:30:28.360+0000] {logging_mixin.py:190} INFO - 📈 Скачиваем Сбербанк (SBER)...
[2026-02-08T17:30:28.361+0000] {logging_mixin.py:190} INFO - 🔗 Запрос: https://iss.moex.com/iss/history/engines/stock/markets/shares/boards/TQBR/securities/SBER.json?from=2026-02-07&till=2026-02-07&iss.meta=off&iss.only=history
[2026-02-08T17:30:28.415+0000] {logging_mixin.py:190} INFO - 📊 Статус: 200
[2026-02-08T17:30:28.416+0000] {logging_mixin.py:190} INFO - 🔍 Ключи ответа: ['history']
[2026-02-08T17:30:28.416+0000] {logging_mixin.py:190} INFO - ⚠️ Нет данных history для SBER
[2026-02-08T17:30:28.417+0000] {logging_mixin.py:190} INFO - 📋 Ответ: {'history': {'columns': ['BOARDID', 'TRADEDATE', 'SHORTNAME', 'SECID', 'NUMTRADES', 'VALUE', 'OPEN', 'LOW', 'HIGH', 'LEGALCLOSEPRICE', 'WAPRICE', 'CLOSE', 'VOLUME', 'MARKETPRICE2', 'MARKETPRICE3', 'ADMITTEDQUOTE', 'MP2VALTRD', 'MARKETPRICE3TRADESVALUE', 'ADMITTEDVALUE', 'WAVAL', 'TRADINGSESSION', 'CURRENCYID', 'TRENDCLSPR', 'TRADE_SESSION_DATE'], 'data': []}}
[2026-02-08T17:30:28.417+0000] {logging_mixin.py:190} INFO - 📈 Скачиваем Газпром (GAZP)...
[2026-02-08T17:30:28.418+0000] {logging_mixin.py:190} INFO - 🔗 Запрос: https://iss.moex.com/iss/history/engines/stock/markets/shares/boards/TQBR/securities/GAZP.json?from=2026-02-07&till=2026-02-07&iss.meta=off&iss.only=history
[2026-02-08T17:30:28.478+0000] {logging_mixin.py:190} INFO - 📊 Статус: 200
[2026-02-08T17:30:28.479+0000] {logging_mixin.py:190} INFO - 🔍 Ключи ответа: ['history']
[2026-02-08T17:30:28.480+0000] {logging_mixin.py:190} INFO - ⚠️ Нет данных history для GAZP
[2026-02-08T17:30:28.480+0000] {logging_mixin.py:190} INFO - 📋 Ответ: {'history': {'columns': ['BOARDID', 'TRADEDATE', 'SHORTNAME', 'SECID', 'NUMTRADES', 'VALUE', 'OPEN', 'LOW', 'HIGH', 'LEGALCLOSEPRICE', 'WAPRICE', 'CLOSE', 'VOLUME', 'MARKETPRICE2', 'MARKETPRICE3', 'ADMITTEDQUOTE', 'MP2VALTRD', 'MARKETPRICE3TRADESVALUE', 'ADMITTEDVALUE', 'WAVAL', 'TRADINGSESSION', 'CURRENCYID', 'TRENDCLSPR', 'TRADE_SESSION_DATE'], 'data': []}}
[2026-02-08T17:30:28.480+0000] {logging_mixin.py:190} INFO - 📈 Скачиваем Лукойл (LKOH)...
[2026-02-08T17:30:28.481+0000] {logging_mixin.py:190} INFO - 🔗 Запрос: https://iss.moex.com/iss/history/engines/stock/markets/shares/boards/TQBR/securities/LKOH.json?from=2026-02-07&till=2026-02-07&iss.meta=off&iss.only=history
[2026-02-08T17:30:28.529+0000] {logging_mixin.py:190} INFO - 📊 Статус: 200
[2026-02-08T17:30:28.529+0000] {logging_mixin.py:190} INFO - 🔍 Ключи ответа: ['history']
[2026-02-08T17:30:28.530+0000] {logging_mixin.py:190} INFO - ⚠️ Нет данных history для LKOH
[2026-02-08T17:30:28.530+0000] {logging_mixin.py:190} INFO - 📋 Ответ: {'history': {'columns': ['BOARDID', 'TRADEDATE', 'SHORTNAME', 'SECID', 'NUMTRADES', 'VALUE', 'OPEN', 'LOW', 'HIGH', 'LEGALCLOSEPRICE', 'WAPRICE', 'CLOSE', 'VOLUME', 'MARKETPRICE2', 'MARKETPRICE3', 'ADMITTEDQUOTE', 'MP2VALTRD', 'MARKETPRICE3TRADESVALUE', 'ADMITTEDVALUE', 'WAVAL', 'TRADINGSESSION', 'CURRENCYID', 'TRENDCLSPR', 'TRADE_SESSION_DATE'], 'data': []}}
[2026-02-08T17:30:28.530+0000] {logging_mixin.py:190} INFO - 🎉 Итого: 0/3 акций загружено
[2026-02-08T17:30:28.531+0000] {taskinstance.py:3313} ERROR - Task failed with exception
Traceback (most recent call last):
  File "/home/airflow/.local/lib/python3.12/site-packages/airflow/models/taskinstance.py", line 768, in _execute_task
    result = _execute_callable(context=context, **execute_callable_kwargs)
             ^^^^^^^^^^^^^^^^^^^^^^^^^^^^^^^^^^^^^^^^^^^^^^^^^^^^^^^^^^^^^
  File "/home/airflow/.local/lib/python3.12/site-packages/airflow/models/taskinstance.py", line 734, in _execute_callable
    return ExecutionCallableRunner(
           ^^^^^^^^^^^^^^^^^^^^^^^^
  File "/home/airflow/.local/lib/python3.12/site-packages/airflow/utils/operator_helpers.py", line 252, in run
    return self.func(*args, **kwargs)
           ^^^^^^^^^^^^^^^^^^^^^^^^^^
  File "/home/airflow/.local/lib/python3.12/site-packages/airflow/models/baseoperator.py", line 424, in wrapper
    return func(self, *args, **kwargs)
           ^^^^^^^^^^^^^^^^^^^^^^^^^^^
  File "/home/airflow/.local/lib/python3.12/site-packages/airflow/operators/python.py", line 238, in execute
    return_value = self.execute_callable()
                   ^^^^^^^^^^^^^^^^^^^^^^^
  File "/home/airflow/.local/lib/python3.12/site-packages/airflow/operators/python.py", line 256, in execute_callable
    return runner.run(*self.op_args, **self.op_kwargs)
           ^^^^^^^^^^^^^^^^^^^^^^^^^^^^^^^^^^^^^^^^^^^
  File "/home/airflow/.local/lib/python3.12/site-packages/airflow/utils/operator_helpers.py", line 252, in run
    return self.func(*args, **kwargs)
           ^^^^^^^^^^^^^^^^^^^^^^^^^^
  File "/opt/airflow/dags/ticker_dag.py", line 90, in download_stocks
    raise ValueError("Нет данных ни по одной акции!")  # Красный = честно
    ^^^^^^^^^^^^^^^^^^^^^^^^^^^^^^^^^^^^^^^^^^^^^^^^^
ValueError: Нет данных ни по одной акции!
[2026-02-08T17:30:28.545+0000] {taskinstance.py:1226} INFO - Marking task as UP_FOR_RETRY. dag_id=moex_stocks_loader, task_id=download_all_stocks, run_id=manual__2026-02-08T17:30:25.994284+00:00, execution_date=20260208T173025, start_date=20260208T173028, end_date=20260208T173028
[2026-02-08T17:30:28.571+0000] {taskinstance.py:341} INFO - ::group::Post task execution logs
[2026-02-08T17:30:28.572+0000] {standard_task_runner.py:124} ERROR - Failed to execute job 19 for task download_all_stocks (Нет данных ни по одной акции!; 794)
Traceback (most recent call last):
  File "/home/airflow/.local/lib/python3.12/site-packages/airflow/task/task_runner/standard_task_runner.py", line 117, in _start_by_fork
    ret = args.func(args, dag=self.dag)
          ^^^^^^^^^^^^^^^^^^^^^^^^^^^^^
  File "/home/airflow/.local/lib/python3.12/site-packages/airflow/cli/cli_config.py", line 49, in command
    return func(*args, **kwargs)
           ^^^^^^^^^^^^^^^^^^^^^
  File "/home/airflow/.local/lib/python3.12/site-packages/airflow/utils/cli.py", line 116, in wrapper
    return f(*args, **kwargs)
           ^^^^^^^^^^^^^^^^^^
  File "/home/airflow/.local/lib/python3.12/site-packages/airflow/cli/commands/task_command.py", line 483, in task_run
    task_return_code = _run_task_by_selected_method(args, _dag, ti)
                       ^^^^^^^^^^^^^^^^^^^^^^^^^^^^^^^^^^^^^^^^^^^^
  File "/home/airflow/.local/lib/python3.12/site-packages/airflow/cli/commands/task_command.py", line 256, in _run_task_by_selected_method
    return _run_raw_task(args, ti)
           ^^^^^^^^^^^^^^^^^^^^^^^
  File "/home/airflow/.local/lib/python3.12/site-packages/airflow/cli/commands/task_command.py", line 341, in _run_raw_task
    return ti._run_raw_task(
           ^^^^^^^^^^^^^^^^^
  File "/home/airflow/.local/lib/python3.12/site-packages/airflow/utils/session.py", line 97, in wrapper
    return func(*args, session=session, **kwargs)
           ^^^^^^^^^^^^^^^^^^^^^^^^^^^^^^^^^^^^^^
  File "/home/airflow/.local/lib/python3.12/site-packages/airflow/models/taskinstance.py", line 3006, in _run_raw_task
    return _run_raw_task(
           ^^^^^^^^^^^^^^
  File "/home/airflow/.local/lib/python3.12/site-packages/airflow/models/taskinstance.py", line 274, in _run_raw_task
    TaskInstance._execute_task_with_callbacks(
  File "/home/airflow/.local/lib/python3.12/site-packages/airflow/models/taskinstance.py", line 3161, in _execute_task_with_callbacks
    result = self._execute_task(context, task_orig)
             ^^^^^^^^^^^^^^^^^^^^^^^^^^^^^^^^^^^^^^
  File "/home/airflow/.local/lib/python3.12/site-packages/airflow/models/taskinstance.py", line 3185, in _execute_task
    return _execute_task(self, context, task_orig)
           ^^^^^^^^^^^^^^^^^^^^^^^^^^^^^^^^^^^^^^^
  File "/home/airflow/.local/lib/python3.12/site-packages/airflow/models/taskinstance.py", line 768, in _execute_task
    result = _execute_callable(context=context, **execute_callable_kwargs)
             ^^^^^^^^^^^^^^^^^^^^^^^^^^^^^^^^^^^^^^^^^^^^^^^^^^^^^^^^^^^^^
  File "/home/airflow/.local/lib/python3.12/site-packages/airflow/models/taskinstance.py", line 734, in _execute_callable
    return ExecutionCallableRunner(
           ^^^^^^^^^^^^^^^^^^^^^^^^
  File "/home/airflow/.local/lib/python3.12/site-packages/airflow/utils/operator_helpers.py", line 252, in run
    return self.func(*args, **kwargs)
           ^^^^^^^^^^^^^^^^^^^^^^^^^^
  File "/home/airflow/.local/lib/python3.12/site-packages/airflow/models/baseoperator.py", line 424, in wrapper
    return func(self, *args, **kwargs)
           ^^^^^^^^^^^^^^^^^^^^^^^^^^^
  File "/home/airflow/.local/lib/python3.12/site-packages/airflow/operators/python.py", line 238, in execute
    return_value = self.execute_callable()
                   ^^^^^^^^^^^^^^^^^^^^^^^
  File "/home/airflow/.local/lib/python3.12/site-packages/airflow/operators/python.py", line 256, in execute_callable
    return runner.run(*self.op_args, **self.op_kwargs)
           ^^^^^^^^^^^^^^^^^^^^^^^^^^^^^^^^^^^^^^^^^^^
  File "/home/airflow/.local/lib/python3.12/site-packages/airflow/utils/operator_helpers.py", line 252, in run
    return self.func(*args, **kwargs)
           ^^^^^^^^^^^^^^^^^^^^^^^^^^
  File "/opt/airflow/dags/ticker_dag.py", line 90, in download_stocks
    raise ValueError("Нет данных ни по одной акции!")  # Красный = честно
    ^^^^^^^^^^^^^^^^^^^^^^^^^^^^^^^^^^^^^^^^^^^^^^^^^
ValueError: Нет данных ни по одной акции!
[2026-02-08T17:30:28.611+0000] {local_task_job_runner.py:266} INFO - Task exited with return code 1
[2026-02-08T17:30:28.631+0000] {taskinstance.py:3901} INFO - 0 downstream tasks scheduled from follow-on schedule check
[2026-02-08T17:30:28.633+0000] {local_task_job_runner.py:245} INFO - ::endgroup::
