[2026-02-08T17:01:27.234+0000] {local_task_job_runner.py:123} INFO - ::group::Pre task execution logs
[2026-02-08T17:01:27.252+0000] {taskinstance.py:2614} INFO - Dependencies all met for dep_context=non-requeueable deps ti=<TaskInstance: moex_stocks_loader.download_all_stocks manual__2026-02-08T16:55:14.691971+00:00 [queued]>
[2026-02-08T17:01:27.259+0000] {taskinstance.py:2614} INFO - Dependencies all met for dep_context=requeueable deps ti=<TaskInstance: moex_stocks_loader.download_all_stocks manual__2026-02-08T16:55:14.691971+00:00 [queued]>
[2026-02-08T17:01:27.259+0000] {taskinstance.py:2867} INFO - Starting attempt 2 of 3
[2026-02-08T17:01:27.270+0000] {taskinstance.py:2890} INFO - Executing <Task(PythonOperator): download_all_stocks> on 2026-02-08 16:55:14.691971+00:00
[2026-02-08T17:01:27.280+0000] {warnings.py:112} WARNING - /home/***/.local/lib/python3.12/site-packages/***/task/task_runner/standard_task_runner.py:70: DeprecationWarning: This process (pid=248) is multi-threaded, use of fork() may lead to deadlocks in the child.
  pid = os.fork()

[2026-02-08T17:01:27.282+0000] {standard_task_runner.py:72} INFO - Started process 250 to run task
[2026-02-08T17:01:27.281+0000] {standard_task_runner.py:104} INFO - Running: ['***', 'tasks', 'run', 'moex_stocks_loader', 'download_all_stocks', 'manual__2026-02-08T16:55:14.691971+00:00', '--job-id', '10', '--raw', '--subdir', 'DAGS_FOLDER/ticker_dag.py', '--cfg-path', '/tmp/tmpoir0ysdi']
[2026-02-08T17:01:27.284+0000] {standard_task_runner.py:105} INFO - Job 10: Subtask download_all_stocks
[2026-02-08T17:01:27.345+0000] {task_command.py:467} INFO - Running <TaskInstance: moex_stocks_loader.download_all_stocks manual__2026-02-08T16:55:14.691971+00:00 [running]> on host bd7f3fef13db
[2026-02-08T17:01:27.413+0000] {taskinstance.py:3134} INFO - Exporting env vars: AIRFLOW_CTX_DAG_OWNER='student' AIRFLOW_CTX_DAG_ID='moex_stocks_loader' AIRFLOW_CTX_TASK_ID='download_all_stocks' AIRFLOW_CTX_EXECUTION_DATE='2026-02-08T16:55:14.691971+00:00' AIRFLOW_CTX_TRY_NUMBER='2' AIRFLOW_CTX_DAG_RUN_ID='manual__2026-02-08T16:55:14.691971+00:00'
[2026-02-08T17:01:27.415+0000] {taskinstance.py:732} INFO - ::endgroup::
[2026-02-08T17:01:27.429+0000] {logging_mixin.py:190} INFO - 📅 Загрузка за период: 2026-02-07 - 2026-02-08
[2026-02-08T17:01:27.429+0000] {logging_mixin.py:190} INFO - 📈 Скачиваем Газпром (GAZP)...
[2026-02-08T17:01:28.529+0000] {quote.py:592} ERROR - HTTP Error 404: {"quoteSummary":{"result":null,"error":{"code":"Not Found","description":"Quote not found for symbol: GAZP"}}}
[2026-02-08T17:01:28.913+0000] {history.py:127} ERROR - $GAZP: possibly delisted; no timezone found
[2026-02-08T17:01:28.917+0000] {multi.py:176} ERROR - 
1 Failed download:
[2026-02-08T17:01:28.917+0000] {multi.py:189} ERROR - ['GAZP']: possibly delisted; no timezone found
[2026-02-08T17:01:28.937+0000] {logging_mixin.py:190} INFO -   ⚠️ Нет данных для GAZP
[2026-02-08T17:01:28.937+0000] {logging_mixin.py:190} INFO - 📈 Скачиваем Сбербанк (SBER)...
[2026-02-08T17:01:30.522+0000] {quote.py:592} ERROR - HTTP Error 404: {"quoteSummary":{"result":null,"error":{"code":"Not Found","description":"Quote not found for symbol: SBER"}}}
[2026-02-08T17:01:30.868+0000] {history.py:127} ERROR - $SBER: possibly delisted; no timezone found
[2026-02-08T17:01:30.875+0000] {multi.py:176} ERROR - 
1 Failed download:
[2026-02-08T17:01:30.876+0000] {multi.py:189} ERROR - ['SBER']: possibly delisted; no timezone found
[2026-02-08T17:01:30.879+0000] {logging_mixin.py:190} INFO -   ⚠️ Нет данных для SBER
[2026-02-08T17:01:30.879+0000] {logging_mixin.py:190} INFO - 📈 Скачиваем Лукойл (LKOH)...
[2026-02-08T17:01:31.530+0000] {history.py:127} ERROR - $LKOH: possibly delisted; no timezone found
[2026-02-08T17:01:31.533+0000] {multi.py:176} ERROR - 
1 Failed download:
[2026-02-08T17:01:31.533+0000] {multi.py:189} ERROR - ['LKOH']: possibly delisted; no timezone found
[2026-02-08T17:01:31.538+0000] {logging_mixin.py:190} INFO -   ⚠️ Нет данных для LKOH
[2026-02-08T17:01:31.539+0000] {logging_mixin.py:190} INFO - 📈 Скачиваем Яндекс (YNDX)...
[2026-02-08T17:01:32.048+0000] {history.py:127} ERROR - $YNDX: possibly delisted; no timezone found
[2026-02-08T17:01:32.058+0000] {multi.py:176} ERROR - 
1 Failed download:
[2026-02-08T17:01:32.058+0000] {multi.py:189} ERROR - ['YNDX']: possibly delisted; no timezone found
[2026-02-08T17:01:32.060+0000] {logging_mixin.py:190} INFO -   ⚠️ Нет данных для YNDX
[2026-02-08T17:01:32.061+0000] {logging_mixin.py:190} INFO - 📈 Скачиваем Новатэк (NVTK)...
[2026-02-08T17:01:32.484+0000] {history.py:127} ERROR - $NVTK: possibly delisted; no timezone found
[2026-02-08T17:01:32.486+0000] {multi.py:176} ERROR - 
1 Failed download:
[2026-02-08T17:01:32.487+0000] {multi.py:189} ERROR - ['NVTK']: possibly delisted; no timezone found
[2026-02-08T17:01:32.489+0000] {logging_mixin.py:190} INFO -   ⚠️ Нет данных для NVTK
[2026-02-08T17:01:32.489+0000] {logging_mixin.py:190} INFO - 📈 Скачиваем Магнит (MGNT)...
[2026-02-08T17:01:32.915+0000] {history.py:276} ERROR - $MGNT: possibly delisted; no price data found  (1d 2026-02-07 00:00:00+00:00 -> 2026-02-08 00:00:00+00:00)
[2026-02-08T17:01:32.923+0000] {multi.py:176} ERROR - 
1 Failed download:
[2026-02-08T17:01:32.923+0000] {multi.py:189} ERROR - ['MGNT']: possibly delisted; no price data found  (1d 2026-02-07 00:00:00+00:00 -> 2026-02-08 00:00:00+00:00)
[2026-02-08T17:01:32.926+0000] {logging_mixin.py:190} INFO -   ⚠️ Нет данных для MGNT
[2026-02-08T17:01:32.926+0000] {logging_mixin.py:190} INFO - 🎉 Итого: 0/6 акций успешно загружено
[2026-02-08T17:01:32.927+0000] {python.py:240} INFO - Done. Returned value was: {}
[2026-02-08T17:01:32.946+0000] {taskinstance.py:341} INFO - ::group::Post task execution logs
[2026-02-08T17:01:32.946+0000] {taskinstance.py:353} INFO - Marking task as SUCCESS. dag_id=moex_stocks_loader, task_id=download_all_stocks, run_id=manual__2026-02-08T16:55:14.691971+00:00, execution_date=20260208T165514, start_date=20260208T170127, end_date=20260208T170132
[2026-02-08T17:01:33.005+0000] {local_task_job_runner.py:266} INFO - Task exited with return code 0
[2026-02-08T17:01:33.018+0000] {taskinstance.py:3901} INFO - 0 downstream tasks scheduled from follow-on schedule check
[2026-02-08T17:01:33.020+0000] {local_task_job_runner.py:245} INFO - ::endgroup::
