[2026-02-08T17:02:47.912+0000] {local_task_job_runner.py:123} INFO - ::group::Pre task execution logs
[2026-02-08T17:02:47.928+0000] {taskinstance.py:2614} INFO - Dependencies all met for dep_context=non-requeueable deps ti=<TaskInstance: moex_stocks_loader.download_all_stocks manual__2026-02-08T16:55:14.691971+00:00 [queued]>
[2026-02-08T17:02:47.934+0000] {taskinstance.py:2614} INFO - Dependencies all met for dep_context=requeueable deps ti=<TaskInstance: moex_stocks_loader.download_all_stocks manual__2026-02-08T16:55:14.691971+00:00 [queued]>
[2026-02-08T17:02:47.934+0000] {taskinstance.py:2867} INFO - Starting attempt 3 of 5
[2026-02-08T17:02:47.943+0000] {taskinstance.py:2890} INFO - Executing <Task(PythonOperator): download_all_stocks> on 2026-02-08 16:55:14.691971+00:00
[2026-02-08T17:02:47.951+0000] {warnings.py:112} WARNING - /home/***/.local/lib/python3.12/site-packages/***/task/task_runner/standard_task_runner.py:70: DeprecationWarning: This process (pid=320) is multi-threaded, use of fork() may lead to deadlocks in the child.
  pid = os.fork()

[2026-02-08T17:02:47.953+0000] {standard_task_runner.py:72} INFO - Started process 322 to run task
[2026-02-08T17:02:47.954+0000] {standard_task_runner.py:104} INFO - Running: ['***', 'tasks', 'run', 'moex_stocks_loader', 'download_all_stocks', 'manual__2026-02-08T16:55:14.691971+00:00', '--job-id', '13', '--raw', '--subdir', 'DAGS_FOLDER/ticker_dag.py', '--cfg-path', '/tmp/tmp6fprbtjg']
[2026-02-08T17:02:47.957+0000] {standard_task_runner.py:105} INFO - Job 13: Subtask download_all_stocks
[2026-02-08T17:02:48.015+0000] {task_command.py:467} INFO - Running <TaskInstance: moex_stocks_loader.download_all_stocks manual__2026-02-08T16:55:14.691971+00:00 [running]> on host bd7f3fef13db
[2026-02-08T17:02:48.087+0000] {taskinstance.py:3134} INFO - Exporting env vars: AIRFLOW_CTX_DAG_OWNER='student' AIRFLOW_CTX_DAG_ID='moex_stocks_loader' AIRFLOW_CTX_TASK_ID='download_all_stocks' AIRFLOW_CTX_EXECUTION_DATE='2026-02-08T16:55:14.691971+00:00' AIRFLOW_CTX_TRY_NUMBER='3' AIRFLOW_CTX_DAG_RUN_ID='manual__2026-02-08T16:55:14.691971+00:00'
[2026-02-08T17:02:48.089+0000] {taskinstance.py:732} INFO - ::endgroup::
[2026-02-08T17:02:48.109+0000] {logging_mixin.py:190} INFO - 📅 Загрузка за период: 2026-02-07 - 2026-02-08
[2026-02-08T17:02:48.110+0000] {logging_mixin.py:190} INFO - 📈 Скачиваем Газпром (GAZP.ME)...
[2026-02-08T17:02:48.819+0000] {history.py:276} ERROR - $GAZP.ME: possibly delisted; no price data found  (1d 2026-02-07 00:00:00+00:00 -> 2026-02-08 00:00:00+00:00)
[2026-02-08T17:02:48.819+0000] {multi.py:176} ERROR - 
1 Failed download:
[2026-02-08T17:02:48.820+0000] {multi.py:189} ERROR - ['GAZP.ME']: possibly delisted; no price data found  (1d 2026-02-07 00:00:00+00:00 -> 2026-02-08 00:00:00+00:00)
[2026-02-08T17:02:48.827+0000] {logging_mixin.py:190} INFO -   ⚠️ Нет данных для GAZP.ME
[2026-02-08T17:02:48.827+0000] {logging_mixin.py:190} INFO - 📈 Скачиваем Сбербанк (SBER.ME)...
[2026-02-08T17:02:49.103+0000] {history.py:276} ERROR - $SBER.ME: possibly delisted; no price data found  (1d 2026-02-07 00:00:00+00:00 -> 2026-02-08 00:00:00+00:00)
[2026-02-08T17:02:49.109+0000] {multi.py:176} ERROR - 
1 Failed download:
[2026-02-08T17:02:49.110+0000] {multi.py:189} ERROR - ['SBER.ME']: possibly delisted; no price data found  (1d 2026-02-07 00:00:00+00:00 -> 2026-02-08 00:00:00+00:00)
[2026-02-08T17:02:49.113+0000] {logging_mixin.py:190} INFO -   ⚠️ Нет данных для SBER.ME
[2026-02-08T17:02:49.113+0000] {logging_mixin.py:190} INFO - 📈 Скачиваем Лукойл (LKOH.ME)...
[2026-02-08T17:02:49.398+0000] {history.py:276} ERROR - $LKOH.ME: possibly delisted; no price data found  (1d 2026-02-07 00:00:00+00:00 -> 2026-02-08 00:00:00+00:00)
[2026-02-08T17:02:49.400+0000] {multi.py:176} ERROR - 
1 Failed download:
[2026-02-08T17:02:49.400+0000] {multi.py:189} ERROR - ['LKOH.ME']: possibly delisted; no price data found  (1d 2026-02-07 00:00:00+00:00 -> 2026-02-08 00:00:00+00:00)
[2026-02-08T17:02:49.403+0000] {logging_mixin.py:190} INFO -   ⚠️ Нет данных для LKOH.ME
[2026-02-08T17:02:49.403+0000] {logging_mixin.py:190} INFO - 📈 Скачиваем Яндекс (YNDX.ME)...
[2026-02-08T17:02:50.503+0000] {history.py:127} ERROR - $YNDX.ME: possibly delisted; no timezone found
[2026-02-08T17:02:50.509+0000] {multi.py:176} ERROR - 
1 Failed download:
[2026-02-08T17:02:50.510+0000] {multi.py:189} ERROR - ['YNDX.ME']: possibly delisted; no timezone found
[2026-02-08T17:02:50.512+0000] {logging_mixin.py:190} INFO -   ⚠️ Нет данных для YNDX.ME
[2026-02-08T17:02:50.512+0000] {logging_mixin.py:190} INFO - 📈 Скачиваем Новатэк (NVTK.ME)...
[2026-02-08T17:02:50.816+0000] {history.py:276} ERROR - $NVTK.ME: possibly delisted; no price data found  (1d 2026-02-07 00:00:00+00:00 -> 2026-02-08 00:00:00+00:00)
[2026-02-08T17:02:50.819+0000] {multi.py:176} ERROR - 
1 Failed download:
[2026-02-08T17:02:50.820+0000] {multi.py:189} ERROR - ['NVTK.ME']: possibly delisted; no price data found  (1d 2026-02-07 00:00:00+00:00 -> 2026-02-08 00:00:00+00:00)
[2026-02-08T17:02:50.822+0000] {logging_mixin.py:190} INFO -   ⚠️ Нет данных для NVTK.ME
[2026-02-08T17:02:50.822+0000] {logging_mixin.py:190} INFO - 📈 Скачиваем Магнит (MGNT.ME)...
[2026-02-08T17:02:51.316+0000] {history.py:276} ERROR - $MGNT.ME: possibly delisted; no price data found  (1d 2026-02-07 00:00:00+00:00 -> 2026-02-08 00:00:00+00:00)
[2026-02-08T17:02:51.319+0000] {multi.py:176} ERROR - 
1 Failed download:
[2026-02-08T17:02:51.319+0000] {multi.py:189} ERROR - ['MGNT.ME']: possibly delisted; no price data found  (1d 2026-02-07 00:00:00+00:00 -> 2026-02-08 00:00:00+00:00)
[2026-02-08T17:02:51.322+0000] {logging_mixin.py:190} INFO -   ⚠️ Нет данных для MGNT.ME
[2026-02-08T17:02:51.322+0000] {logging_mixin.py:190} INFO - 🎉 Итого: 0/6 акций успешно загружено
[2026-02-08T17:02:51.323+0000] {python.py:240} INFO - Done. Returned value was: {}
[2026-02-08T17:02:51.342+0000] {taskinstance.py:341} INFO - ::group::Post task execution logs
[2026-02-08T17:02:51.342+0000] {taskinstance.py:353} INFO - Marking task as SUCCESS. dag_id=moex_stocks_loader, task_id=download_all_stocks, run_id=manual__2026-02-08T16:55:14.691971+00:00, execution_date=20260208T165514, start_date=20260208T170247, end_date=20260208T170251
[2026-02-08T17:02:51.395+0000] {local_task_job_runner.py:266} INFO - Task exited with return code 0
[2026-02-08T17:02:51.412+0000] {taskinstance.py:3901} INFO - 0 downstream tasks scheduled from follow-on schedule check
[2026-02-08T17:02:51.414+0000] {local_task_job_runner.py:245} INFO - ::endgroup::
