[2026-02-08T17:52:50.524+0000] {local_task_job_runner.py:123} INFO - ::group::Pre task execution logs
[2026-02-08T17:52:50.537+0000] {taskinstance.py:2614} INFO - Dependencies all met for dep_context=non-requeueable deps ti=<TaskInstance: moex_stocks_loader.download_moex_stocks manual__2026-02-08T17:52:49.173592+00:00 [queued]>
[2026-02-08T17:52:50.543+0000] {taskinstance.py:2614} INFO - Dependencies all met for dep_context=requeueable deps ti=<TaskInstance: moex_stocks_loader.download_moex_stocks manual__2026-02-08T17:52:49.173592+00:00 [queued]>
[2026-02-08T17:52:50.544+0000] {taskinstance.py:2867} INFO - Starting attempt 1 of 1
[2026-02-08T17:52:50.554+0000] {taskinstance.py:2890} INFO - Executing <Task(PythonOperator): download_moex_stocks> on 2026-02-08 17:52:49.173592+00:00
[2026-02-08T17:52:50.563+0000] {warnings.py:112} WARNING - /home/***/.local/lib/python3.12/site-packages/***/task/task_runner/standard_task_runner.py:70: DeprecationWarning: This process (pid=1170) is multi-threaded, use of fork() may lead to deadlocks in the child.
  pid = os.fork()

[2026-02-08T17:52:50.565+0000] {standard_task_runner.py:72} INFO - Started process 1172 to run task
[2026-02-08T17:52:50.565+0000] {standard_task_runner.py:104} INFO - Running: ['***', 'tasks', 'run', 'moex_stocks_loader', 'download_moex_stocks', 'manual__2026-02-08T17:52:49.173592+00:00', '--job-id', '32', '--raw', '--subdir', 'DAGS_FOLDER/ticker_dag.py', '--cfg-path', '/tmp/tmpc9w7zssj']
[2026-02-08T17:52:50.568+0000] {standard_task_runner.py:105} INFO - Job 32: Subtask download_moex_stocks
[2026-02-08T17:52:50.624+0000] {task_command.py:467} INFO - Running <TaskInstance: moex_stocks_loader.download_moex_stocks manual__2026-02-08T17:52:49.173592+00:00 [running]> on host bd7f3fef13db
[2026-02-08T17:52:50.697+0000] {taskinstance.py:3134} INFO - Exporting env vars: AIRFLOW_CTX_DAG_OWNER='***' AIRFLOW_CTX_DAG_ID='moex_stocks_loader' AIRFLOW_CTX_TASK_ID='download_moex_stocks' AIRFLOW_CTX_EXECUTION_DATE='2026-02-08T17:52:49.173592+00:00' AIRFLOW_CTX_TRY_NUMBER='1' AIRFLOW_CTX_DAG_RUN_ID='manual__2026-02-08T17:52:49.173592+00:00'
[2026-02-08T17:52:50.699+0000] {taskinstance.py:732} INFO - ::endgroup::
[2026-02-08T17:52:50.720+0000] {logging_mixin.py:190} INFO - ✅ Загружен config.json: 11 тикеров
[2026-02-08T17:52:50.720+0000] {python.py:240} INFO - Done. Returned value was: {'TATN': {'name': 'Татнефть'}, 'TRNFP': {'name': 'Транснефть'}, 'FIVE': {'name': 'X5 Retail Group'}, 'MGNT': {'name': 'Магнит'}, 'YNDX': {'name': 'Яндекс'}, 'OZON': {'name': 'Ozon'}, 'MTSS': {'name': 'МТС'}, 'VTBR': {'name': 'ВТБ'}, 'HHRU': {'name': 'HeadHunter'}, 'RTKM': {'name': 'Ростелеком'}, 'NVTK': {'name': 'Новатэк'}}
[2026-02-08T17:52:50.741+0000] {taskinstance.py:341} INFO - ::group::Post task execution logs
[2026-02-08T17:52:50.742+0000] {taskinstance.py:353} INFO - Marking task as SUCCESS. dag_id=moex_stocks_loader, task_id=download_moex_stocks, run_id=manual__2026-02-08T17:52:49.173592+00:00, execution_date=20260208T175249, start_date=20260208T175250, end_date=20260208T175250
[2026-02-08T17:52:50.783+0000] {local_task_job_runner.py:266} INFO - Task exited with return code 0
[2026-02-08T17:52:50.797+0000] {taskinstance.py:3901} INFO - 0 downstream tasks scheduled from follow-on schedule check
[2026-02-08T17:52:50.799+0000] {local_task_job_runner.py:245} INFO - ::endgroup::
