[2026-02-08T17:36:00.944+0000] {local_task_job_runner.py:123} INFO - ::group::Pre task execution logs
[2026-02-08T17:36:00.962+0000] {taskinstance.py:2614} INFO - Dependencies all met for dep_context=non-requeueable deps ti=<TaskInstance: moex_stocks_loader.download_all_stocks manual__2026-02-08T17:30:57.309627+00:00 [queued]>
[2026-02-08T17:36:00.977+0000] {taskinstance.py:2614} INFO - Dependencies all met for dep_context=requeueable deps ti=<TaskInstance: moex_stocks_loader.download_all_stocks manual__2026-02-08T17:30:57.309627+00:00 [queued]>
[2026-02-08T17:36:00.978+0000] {taskinstance.py:2867} INFO - Starting attempt 2 of 3
[2026-02-08T17:36:01.117+0000] {taskinstance.py:2890} INFO - Executing <Task(PythonOperator): download_all_stocks> on 2026-02-08 17:30:57.309627+00:00
[2026-02-08T17:36:01.125+0000] {warnings.py:112} WARNING - /home/***/.local/lib/python3.12/site-packages/***/task/task_runner/standard_task_runner.py:70: DeprecationWarning: This process (pid=905) is multi-threaded, use of fork() may lead to deadlocks in the child.
  pid = os.fork()

[2026-02-08T17:36:01.126+0000] {standard_task_runner.py:72} INFO - Started process 907 to run task
[2026-02-08T17:36:01.126+0000] {standard_task_runner.py:104} INFO - Running: ['***', 'tasks', 'run', 'moex_stocks_loader', 'download_all_stocks', 'manual__2026-02-08T17:30:57.309627+00:00', '--job-id', '25', '--raw', '--subdir', 'DAGS_FOLDER/ticker_dag.py', '--cfg-path', '/tmp/tmpurvco0e6']
[2026-02-08T17:36:01.128+0000] {standard_task_runner.py:105} INFO - Job 25: Subtask download_all_stocks
[2026-02-08T17:36:01.172+0000] {task_command.py:467} INFO - Running <TaskInstance: moex_stocks_loader.download_all_stocks manual__2026-02-08T17:30:57.309627+00:00 [running]> on host bd7f3fef13db
[2026-02-08T17:36:01.229+0000] {taskinstance.py:3134} INFO - Exporting env vars: AIRFLOW_CTX_DAG_OWNER='***' AIRFLOW_CTX_DAG_ID='moex_stocks_loader' AIRFLOW_CTX_TASK_ID='download_all_stocks' AIRFLOW_CTX_EXECUTION_DATE='2026-02-08T17:30:57.309627+00:00' AIRFLOW_CTX_TRY_NUMBER='2' AIRFLOW_CTX_DAG_RUN_ID='manual__2026-02-08T17:30:57.309627+00:00'
[2026-02-08T17:36:01.230+0000] {taskinstance.py:732} INFO - ::endgroup::
[2026-02-08T17:36:01.242+0000] {logging_mixin.py:190} INFO - 📈 SBER...
[2026-02-08T17:36:01.310+0000] {logging_mixin.py:190} INFO - ✅ 100 строк
[2026-02-08T17:36:01.311+0000] {logging_mixin.py:190} INFO - 🎉 Готово: ['SBER: 100 строк']
[2026-02-08T17:36:01.311+0000] {python.py:240} INFO - Done. Returned value was: ['Все файлы созданы']
[2026-02-08T17:36:01.331+0000] {taskinstance.py:341} INFO - ::group::Post task execution logs
[2026-02-08T17:36:01.332+0000] {taskinstance.py:353} INFO - Marking task as SUCCESS. dag_id=moex_stocks_loader, task_id=download_all_stocks, run_id=manual__2026-02-08T17:30:57.309627+00:00, execution_date=20260208T173057, start_date=20260208T173600, end_date=20260208T173601
[2026-02-08T17:36:01.384+0000] {local_task_job_runner.py:266} INFO - Task exited with return code 0
[2026-02-08T17:36:01.398+0000] {taskinstance.py:3901} INFO - 0 downstream tasks scheduled from follow-on schedule check
[2026-02-08T17:36:01.401+0000] {local_task_job_runner.py:245} INFO - ::endgroup::
